Using pre-set license
Built from '2020.3/staging' branch; Version is '2020.3.26f1 (7298b473bc1a) revision 7510196'; Using compiler version '192528614'; Build Type 'Release'
OS: 'Windows 10  (10.0.19045) 64bit Professional' Language: 'en' Physical Memory: 8127 MB
BatchMode: 1, IsHumanControllingUs: 0, StartBugReporterOnCrash: 0, Is64bit: 1, IsPro: 0

COMMAND LINE ARGUMENTS:
C:\Program Files\Unity\Hub\Editor\2020.3.26f1\Editor\Unity.exe
-adb2
-batchMode
-noUpm
-name
AssetImportWorker0
-projectPath
F:/MCA_Project/MCAFinalProject
-logFile
Logs/AssetImportWorker0.log
-srvPort
50792
Successfully changed project path to: F:/MCA_Project/MCAFinalProject
F:/MCA_Project/MCAFinalProject
Using Asset Import Pipeline V2.
Refreshing native plugins compatible for Editor in 58.01 ms, found 3 plugins.
Preloading 0 native plugins for Editor in 0.00 ms.
Initialize engine version: 2020.3.26f1 (7298b473bc1a)
[Subsystems] Discovering subsystems at path C:/Program Files/Unity/Hub/Editor/2020.3.26f1/Editor/Data/Resources/UnitySubsystems
[Subsystems] Discovering subsystems at path F:/MCA_Project/MCAFinalProject/Assets
GfxDevice: creating device client; threaded=0
Direct3D:
    Version:  Direct3D 11.0 [level 11.0]
    Renderer: NVIDIA GeForce GT 730 (ID=0x1287)
    Vendor:   
    VRAM:     4052 MB
    Driver:   27.21.14.5671
Initialize mono
Mono path[0] = 'C:/Program Files/Unity/Hub/Editor/2020.3.26f1/Editor/Data/Managed'
Mono path[1] = 'C:/Program Files/Unity/Hub/Editor/2020.3.26f1/Editor/Data/MonoBleedingEdge/lib/mono/unityjit'
Mono config path = 'C:/Program Files/Unity/Hub/Editor/2020.3.26f1/Editor/Data/MonoBleedingEdge/etc'
Using monoOptions --debugger-agent=transport=dt_socket,embedding=1,server=y,suspend=n,address=127.0.0.1:56728
Begin MonoManager ReloadAssembly
Registering precompiled unity dll's ...
Register platform support module: C:/Program Files/Unity/Hub/Editor/2020.3.26f1/Editor/Data/PlaybackEngines/WindowsStandaloneSupport/UnityEditor.WindowsStandalone.Extensions.dll
Registered in 0.001957 seconds.
Native extension for WindowsStandalone target not found
Refreshing native plugins compatible for Editor in 58.77 ms, found 3 plugins.
Preloading 0 native plugins for Editor in 0.00 ms.
Mono: successfully reloaded assembly
- Completed reload, in  0.585 seconds
Domain Reload Profiling:
	ReloadAssembly (585ms)
		BeginReloadAssembly (51ms)
			ExecutionOrderSort (0ms)
			DisableScriptedObjects (0ms)
			BackupInstance (0ms)
			ReleaseScriptingObjects (0ms)
			CreateAndSetChildDomain (1ms)
		EndReloadAssembly (461ms)
			LoadAssemblies (49ms)
			RebuildTransferFunctionScriptingTraits (0ms)
			SetupTypeCache (150ms)
			ReleaseScriptCaches (0ms)
			RebuildScriptCaches (30ms)
			SetupLoadedEditorAssemblies (183ms)
				LogAssemblyErrors (0ms)
				InitializePlatformSupportModulesInManaged (4ms)
				SetLoadedEditorAssemblies (0ms)
				RefreshPlugins (59ms)
				BeforeProcessingInitializeOnLoad (16ms)
				ProcessInitializeOnLoadAttributes (77ms)
				ProcessInitializeOnLoadMethodAttributes (27ms)
				AfterProcessingInitializeOnLoad (0ms)
				EditorAssembliesLoaded (0ms)
			ExecutionOrderSort2 (0ms)
			AwakeInstancesAfterBackupRestoration (0ms)
Platform modules already initialized, skipping
Registering precompiled user dll's ...
Registered in 0.003490 seconds.
Begin MonoManager ReloadAssembly
Native extension for WindowsStandalone target not found
Refreshing native plugins compatible for Editor in 59.03 ms, found 3 plugins.
Preloading 0 native plugins for Editor in 0.00 ms.
Mono: successfully reloaded assembly
- Completed reload, in  1.215 seconds
Domain Reload Profiling:
	ReloadAssembly (1216ms)
		BeginReloadAssembly (137ms)
			ExecutionOrderSort (0ms)
			DisableScriptedObjects (4ms)
			BackupInstance (0ms)
			ReleaseScriptingObjects (0ms)
			CreateAndSetChildDomain (17ms)
		EndReloadAssembly (1021ms)
			LoadAssemblies (88ms)
			RebuildTransferFunctionScriptingTraits (0ms)
			SetupTypeCache (300ms)
			ReleaseScriptCaches (1ms)
			RebuildScriptCaches (53ms)
			SetupLoadedEditorAssemblies (458ms)
				LogAssemblyErrors (0ms)
				InitializePlatformSupportModulesInManaged (3ms)
				SetLoadedEditorAssemblies (0ms)
				RefreshPlugins (129ms)
				BeforeProcessingInitializeOnLoad (98ms)
				ProcessInitializeOnLoadAttributes (205ms)
				ProcessInitializeOnLoadMethodAttributes (16ms)
				AfterProcessingInitializeOnLoad (6ms)
				EditorAssembliesLoaded (0ms)
			ExecutionOrderSort2 (0ms)
			AwakeInstancesAfterBackupRestoration (6ms)
Platform modules already initialized, skipping
========================================================================
Worker process is ready to serve import requests
Launched and connected shader compiler UnityShaderCompiler.exe after 0.26 seconds
Refreshing native plugins compatible for Editor in 0.74 ms, found 3 plugins.
Preloading 0 native plugins for Editor in 0.00 ms.
Unloading 2547 Unused Serialized files (Serialized files now loaded: 0)
System memory in use before: 116.4 MB.
System memory in use after: 116.6 MB.

Unloading 29 unused Assets to reduce memory usage. Loaded Objects now: 2983.
Total: 3.613800 ms (FindLiveObjects: 0.233500 ms CreateObjectMapping: 0.452300 ms MarkObjects: 2.847200 ms  DeleteObjects: 0.079100 ms)

AssetImportParameters requested are different than current active one (requested -> active):
  custom:framework-win-MediaFoundation: 216162199b28c13a410421893ffa2e32 -> 
  custom:video-decoder-ogg-theora: a1e56fd34408186e4bbccfd4996cb3dc -> 
  custom:container-muxer-webm: aa71ff27fc2769a1b78a27578f13a17b -> 
  custom:container-demuxer-webm: 4f35f7cbe854078d1ac9338744f61a02 -> 
  custom:container-demuxer-ogg: 62fdf1f143b41e24485cea50d1cbac27 -> 
  custom:video-encoder-webm-vp8: eb34c28f22e8b96e1ab97ce403110664 -> 
  custom:video-decoder-webm-vp8: 9c59270c3fd7afecdb556c50c9e8de78 -> 
  custom:audio-decoder-ogg-vorbis: bf7c407c2cedff20999df2af8eb42d56 -> 
  custom:audio-encoder-webm-vorbis: bf7c407c2cedff20999df2af8eb42d56 -> 
========================================================================
Received Import Request.
  path: Assets/Scenes/LobbyScreen.unity
  artifactKey: Guid(2cda990e2423bbf4892e6590ba056729) Importer(815301076,1909f56bfc062723c751e8b465ee728b)
Start importing Assets/Scenes/LobbyScreen.unity using Guid(2cda990e2423bbf4892e6590ba056729) Importer(815301076,1909f56bfc062723c751e8b465ee728b)  -> (artifact id: '4d57994c4e85e148b5fe61b74b0192cc') in 0.021848 seconds 
  Import took 0.546424 seconds .

========================================================================
Received Import Request.
  Time since last request: 386.996950 seconds.
  path: Assets/GameAssets/Art/VFX/Ellen/MuzzleEffect.png
  artifactKey: Guid(59c422c98c58f5742853e7d387d329a3) Importer(815301076,1909f56bfc062723c751e8b465ee728b)
Start importing Assets/GameAssets/Art/VFX/Ellen/MuzzleEffect.png using Guid(59c422c98c58f5742853e7d387d329a3) Importer(815301076,1909f56bfc062723c751e8b465ee728b)  -> (artifact id: '23fa28bcbca95ec6de50e465d89d6789') in 0.185370 seconds 
  Import took 0.206893 seconds .

========================================================================
Received Import Request.
  Time since last request: 0.000280 seconds.
  path: Assets/GameAssets/Art/VFX/Environment/ParticleSpark.png
  artifactKey: Guid(236aadee0dd3926449b8f6f7c57f165e) Importer(815301076,1909f56bfc062723c751e8b465ee728b)
Start importing Assets/GameAssets/Art/VFX/Environment/ParticleSpark.png using Guid(236aadee0dd3926449b8f6f7c57f165e) Importer(815301076,1909f56bfc062723c751e8b465ee728b)  -> (artifact id: '3615733848eea39aa2a9e49fccedcbfe') in 0.050553 seconds 
  Import took 0.068140 seconds .

========================================================================
Received Import Request.
  Time since last request: 0.000253 seconds.
  path: Assets/GameAssets/Art/VFX/Environment/ParticleHeatHaze.png
  artifactKey: Guid(6c7cbd6a0eb00fc46a2c302d6246de2c) Importer(815301076,1909f56bfc062723c751e8b465ee728b)
Start importing Assets/GameAssets/Art/VFX/Environment/ParticleHeatHaze.png using Guid(6c7cbd6a0eb00fc46a2c302d6246de2c) Importer(815301076,1909f56bfc062723c751e8b465ee728b)  -> (artifact id: '1540d063d81d5663aff0fb360321aa53') in 0.040723 seconds 
  Import took 0.047333 seconds .

========================================================================
Received Import Request.
  Time since last request: 0.000257 seconds.
  path: Assets/GameAssets/OwnAssets/OptionsMenu.psd
  artifactKey: Guid(632847135910b4244b8da6b9be926dab) Importer(815301076,1909f56bfc062723c751e8b465ee728b)
Start importing Assets/GameAssets/OwnAssets/OptionsMenu.psd using Guid(632847135910b4244b8da6b9be926dab) Importer(815301076,1909f56bfc062723c751e8b465ee728b)  -> (artifact id: '34add211983b92607e64d011b0f7db3c') in 0.222260 seconds 
  Import took 0.237511 seconds .

========================================================================
Received Import Request.
  Time since last request: 4.025631 seconds.
  path: Assets/GameAssets/OwnAssets/LastPanel.psd
  artifactKey: Guid(0a1888c532ae1234ba8359819eb89151) Importer(815301076,1909f56bfc062723c751e8b465ee728b)
Start importing Assets/GameAssets/OwnAssets/LastPanel.psd using Guid(0a1888c532ae1234ba8359819eb89151) Importer(815301076,1909f56bfc062723c751e8b465ee728b)  -> (artifact id: '2b0cfb8a3716661495d4574ac186a575') in 0.191500 seconds 
  Import took 0.199384 seconds .

========================================================================
Received Import Request.
  Time since last request: 0.000256 seconds.
  path: Assets/GameAssets/Art/VFX/Environment/SplashDrops.png
  artifactKey: Guid(c152f8f2446244548aadd2bb39e31ca1) Importer(815301076,1909f56bfc062723c751e8b465ee728b)
Start importing Assets/GameAssets/Art/VFX/Environment/SplashDrops.png using Guid(c152f8f2446244548aadd2bb39e31ca1) Importer(815301076,1909f56bfc062723c751e8b465ee728b)  -> (artifact id: 'b6beaf47703d68f97517f44dfb4c757b') in 0.082712 seconds 
  Import took 0.156418 seconds .

========================================================================
Received Import Request.
  Time since last request: 0.000262 seconds.
  path: Assets/GameAssets/OwnAssets/Replay_last.png
  artifactKey: Guid(e05b2baf69e09da4fac5619a40483ee5) Importer(815301076,1909f56bfc062723c751e8b465ee728b)
Start importing Assets/GameAssets/OwnAssets/Replay_last.png using Guid(e05b2baf69e09da4fac5619a40483ee5) Importer(815301076,1909f56bfc062723c751e8b465ee728b)  -> (artifact id: '36b825c5eedb3c4e90dac63f37875604') in 0.053313 seconds 
  Import took 0.065843 seconds .

========================================================================
Received Import Request.
  Time since last request: 0.000256 seconds.
  path: Assets/GameAssets/OwnAssets/lastpanel.png
  artifactKey: Guid(a5fd70d03d4af8e468f6457be95ac677) Importer(815301076,1909f56bfc062723c751e8b465ee728b)
Start importing Assets/GameAssets/OwnAssets/lastpanel.png using Guid(a5fd70d03d4af8e468f6457be95ac677) Importer(815301076,1909f56bfc062723c751e8b465ee728b)  -> (artifact id: 'b30bf6225b33d537afe5e4ed836cdb17') in 0.081335 seconds 
  Import took 0.092993 seconds .

========================================================================
Received Import Request.
  Time since last request: 14.706405 seconds.
  path: Assets/GameAssets/Art/VFX/Ellen/Puff01.png
  artifactKey: Guid(f25bb0fb6bc2c654bbc2b228420f327d) Importer(815301076,1909f56bfc062723c751e8b465ee728b)
Start importing Assets/GameAssets/Art/VFX/Ellen/Puff01.png using Guid(f25bb0fb6bc2c654bbc2b228420f327d) Importer(815301076,1909f56bfc062723c751e8b465ee728b)  -> (artifact id: '709094012afee236bd0326c0de59729b') in 0.049714 seconds 
  Import took 0.078082 seconds .

========================================================================
Received Import Request.
  Time since last request: 0.000275 seconds.
  path: Assets/GameAssets/Art/VFX/Interactables/RockChunks.tif
  artifactKey: Guid(acf8e7c6211d47045a0288178dcac305) Importer(815301076,1909f56bfc062723c751e8b465ee728b)
Start importing Assets/GameAssets/Art/VFX/Interactables/RockChunks.tif using Guid(acf8e7c6211d47045a0288178dcac305) Importer(815301076,1909f56bfc062723c751e8b465ee728b)  -> (artifact id: 'ade520278c9a56ce7f0b052610ded87c') in 0.112696 seconds 
  Import took 0.122575 seconds .

========================================================================
Received Import Request.
  Time since last request: 0.000273 seconds.
  path: Assets/GameAssets/Art/VFX/Utilities/shadow.png
  artifactKey: Guid(92fd5cb5a44a0a14f88515c450856da5) Importer(815301076,1909f56bfc062723c751e8b465ee728b)
Start importing Assets/GameAssets/Art/VFX/Utilities/shadow.png using Guid(92fd5cb5a44a0a14f88515c450856da5) Importer(815301076,1909f56bfc062723c751e8b465ee728b)  -> (artifact id: '15623462404adb8ff5a22e5ce15ae421') in 0.069862 seconds 
  Import took 0.074736 seconds .

========================================================================
Received Import Request.
  Time since last request: 0.000194 seconds.
  path: Assets/GameAssets/Art/VFX/Interactables/RockChunks.png
  artifactKey: Guid(41ee6cd071cd1574d96bfdea097a48d1) Importer(815301076,1909f56bfc062723c751e8b465ee728b)
Start importing Assets/GameAssets/Art/VFX/Interactables/RockChunks.png using Guid(41ee6cd071cd1574d96bfdea097a48d1) Importer(815301076,1909f56bfc062723c751e8b465ee728b)  -> (artifact id: '3d7154d6a8cfc704176a862fb46bbb76') in 0.060847 seconds 
  Import took 0.074368 seconds .

========================================================================
Received Import Request.
  Time since last request: 0.000255 seconds.
  path: Assets/GameAssets/Art/VFX/Utilities/SimpleCircle.png
  artifactKey: Guid(3c5d257380a1dcc4895fbdac5d31f1df) Importer(815301076,1909f56bfc062723c751e8b465ee728b)
Start importing Assets/GameAssets/Art/VFX/Utilities/SimpleCircle.png using Guid(3c5d257380a1dcc4895fbdac5d31f1df) Importer(815301076,1909f56bfc062723c751e8b465ee728b)  -> (artifact id: '6042aea5fa199b936a08999995d148e9') in 0.062672 seconds 
  Import took 0.080047 seconds .

========================================================================
Received Import Request.
  Time since last request: 0.000243 seconds.
  path: Assets/GameAssets/Art/VFX/Utilities/SoftSquare.png
  artifactKey: Guid(93a0ec39b00d57549b4173fd42bc0d83) Importer(815301076,1909f56bfc062723c751e8b465ee728b)
Start importing Assets/GameAssets/Art/VFX/Utilities/SoftSquare.png using Guid(93a0ec39b00d57549b4173fd42bc0d83) Importer(815301076,1909f56bfc062723c751e8b465ee728b)  -> (artifact id: '15cbe1d176dedc6f6f8cb95f6fc1b3c4') in 0.033157 seconds 
  Import took 0.045283 seconds .

========================================================================
Received Import Request.
  Time since last request: 15.581718 seconds.
  path: Assets/GameAssets/OwnAssets/PauseMenu.psd
  artifactKey: Guid(26d6d686a4c68194c8afcc56006bec13) Importer(815301076,1909f56bfc062723c751e8b465ee728b)
Start importing Assets/GameAssets/OwnAssets/PauseMenu.psd using Guid(26d6d686a4c68194c8afcc56006bec13) Importer(815301076,1909f56bfc062723c751e8b465ee728b)  -> (artifact id: 'bc1cec79cac67bee18bcd358af08cdc0') in 0.151195 seconds 
  Import took 0.179994 seconds .

========================================================================
Received Import Request.
  Time since last request: 6.404363 seconds.
  path: Assets/GameAssets/OwnAssets/exit.png
  artifactKey: Guid(a3524a3ffc281344fb0162be8db100b2) Importer(815301076,1909f56bfc062723c751e8b465ee728b)
Start importing Assets/GameAssets/OwnAssets/exit.png using Guid(a3524a3ffc281344fb0162be8db100b2) Importer(815301076,1909f56bfc062723c751e8b465ee728b)  -> (artifact id: 'fb19b5cbfe54b0c151430aae0779ef0a') in 0.041366 seconds 
  Import took 0.096275 seconds .

========================================================================
Received Prepare
Registering precompiled user dll's ...
Registered in 0.116590 seconds.
Begin MonoManager ReloadAssembly
Native extension for WindowsStandalone target not found
Refreshing native plugins compatible for Editor in 0.63 ms, found 3 plugins.
Preloading 0 native plugins for Editor in 0.00 ms.
Mono: successfully reloaded assembly
- Completed reload, in  1.012 seconds
Domain Reload Profiling:
	ReloadAssembly (1012ms)
		BeginReloadAssembly (120ms)
			ExecutionOrderSort (0ms)
			DisableScriptedObjects (6ms)
			BackupInstance (0ms)
			ReleaseScriptingObjects (0ms)
			CreateAndSetChildDomain (38ms)
		EndReloadAssembly (834ms)
			LoadAssemblies (93ms)
			RebuildTransferFunctionScriptingTraits (0ms)
			SetupTypeCache (299ms)
			ReleaseScriptCaches (1ms)
			RebuildScriptCaches (43ms)
			SetupLoadedEditorAssemblies (303ms)
				LogAssemblyErrors (0ms)
				InitializePlatformSupportModulesInManaged (4ms)
				SetLoadedEditorAssemblies (1ms)
				RefreshPlugins (1ms)
				BeforeProcessingInitializeOnLoad (80ms)
				ProcessInitializeOnLoadAttributes (200ms)
				ProcessInitializeOnLoadMethodAttributes (10ms)
				AfterProcessingInitializeOnLoad (6ms)
				EditorAssembliesLoaded (0ms)
			ExecutionOrderSort2 (0ms)
			AwakeInstancesAfterBackupRestoration (8ms)
Platform modules already initialized, skipping
Refreshing native plugins compatible for Editor in 0.66 ms, found 3 plugins.
Preloading 0 native plugins for Editor in 0.00 ms.
Unloading 2494 Unused Serialized files (Serialized files now loaded: 0)
System memory in use before: 114.7 MB.
System memory in use after: 114.9 MB.

Unloading 18 unused Assets to reduce memory usage. Loaded Objects now: 2999.
Total: 2.911000 ms (FindLiveObjects: 0.201500 ms CreateObjectMapping: 0.120700 ms MarkObjects: 2.572800 ms  DeleteObjects: 0.015300 ms)

AssetImportParameters requested are different than current active one (requested -> active):
  custom:framework-win-MediaFoundation: 216162199b28c13a410421893ffa2e32 -> 
  custom:video-decoder-ogg-theora: a1e56fd34408186e4bbccfd4996cb3dc -> 
  custom:container-muxer-webm: aa71ff27fc2769a1b78a27578f13a17b -> 
  custom:container-demuxer-webm: 4f35f7cbe854078d1ac9338744f61a02 -> 
  custom:container-demuxer-ogg: 62fdf1f143b41e24485cea50d1cbac27 -> 
  custom:video-encoder-webm-vp8: eb34c28f22e8b96e1ab97ce403110664 -> 
  custom:video-decoder-webm-vp8: 9c59270c3fd7afecdb556c50c9e8de78 -> 
  custom:audio-decoder-ogg-vorbis: bf7c407c2cedff20999df2af8eb42d56 -> 
  custom:audio-encoder-webm-vorbis: bf7c407c2cedff20999df2af8eb42d56 -> 
========================================================================
Received Import Request.
  Time since last request: 490.596445 seconds.
  path: Assets/Scripts/GameOver/Gameover.cs
  artifactKey: Guid(bfb92887ac7199a4e89f44e14978d32e) Importer(815301076,1909f56bfc062723c751e8b465ee728b)
Start importing Assets/Scripts/GameOver/Gameover.cs using Guid(bfb92887ac7199a4e89f44e14978d32e) Importer(815301076,1909f56bfc062723c751e8b465ee728b)  -> (artifact id: 'b2f2515e568d3da7dd68dc0827c07dc3') in 0.017283 seconds 
  Import took 0.021353 seconds .

========================================================================
Received Import Request.
  Time since last request: 23.668644 seconds.
  path: Assets/Prefabs/Player/Player.prefab
  artifactKey: Guid(cfc5cdc4a8f686e47b5b9f8d74584dfa) Importer(815301076,1909f56bfc062723c751e8b465ee728b)
Start importing Assets/Prefabs/Player/Player.prefab using Guid(cfc5cdc4a8f686e47b5b9f8d74584dfa) Importer(815301076,1909f56bfc062723c751e8b465ee728b)  -> (artifact id: 'ebd49827ef83a98e1ed411c31c5e1a3c') in 0.286433 seconds 
  Import took 0.290522 seconds .

========================================================================
Received Import Request.
  Time since last request: 202.638235 seconds.
  path: Assets/Scenes/Level5.unity
  artifactKey: Guid(9b42e5822da205a41a96e2652ec950ba) Importer(815301076,1909f56bfc062723c751e8b465ee728b)
Start importing Assets/Scenes/Level5.unity using Guid(9b42e5822da205a41a96e2652ec950ba) Importer(815301076,1909f56bfc062723c751e8b465ee728b)  -> (artifact id: 'e44f8974d17cda6475cfaa0f1dba9fb5') in 0.002758 seconds 
  Import took 0.029210 seconds .

========================================================================
Received Prepare
Registering precompiled user dll's ...
Registered in 0.254479 seconds.
Begin MonoManager ReloadAssembly
Native extension for WindowsStandalone target not found
Refreshing native plugins compatible for Editor in 0.66 ms, found 3 plugins.
Preloading 0 native plugins for Editor in 0.00 ms.
Mono: successfully reloaded assembly
- Completed reload, in  1.249 seconds
Domain Reload Profiling:
	ReloadAssembly (1249ms)
		BeginReloadAssembly (116ms)
			ExecutionOrderSort (0ms)
			DisableScriptedObjects (6ms)
			BackupInstance (0ms)
			ReleaseScriptingObjects (0ms)
			CreateAndSetChildDomain (35ms)
		EndReloadAssembly (1076ms)
			LoadAssemblies (346ms)
			RebuildTransferFunctionScriptingTraits (0ms)
			SetupTypeCache (286ms)
			ReleaseScriptCaches (1ms)
			RebuildScriptCaches (43ms)
			SetupLoadedEditorAssemblies (310ms)
				LogAssemblyErrors (0ms)
				InitializePlatformSupportModulesInManaged (4ms)
				SetLoadedEditorAssemblies (1ms)
				RefreshPlugins (1ms)
				BeforeProcessingInitializeOnLoad (77ms)
				ProcessInitializeOnLoadAttributes (206ms)
				ProcessInitializeOnLoadMethodAttributes (15ms)
				AfterProcessingInitializeOnLoad (6ms)
				EditorAssembliesLoaded (0ms)
			ExecutionOrderSort2 (0ms)
			AwakeInstancesAfterBackupRestoration (9ms)
Platform modules already initialized, skipping
Refreshing native plugins compatible for Editor in 0.68 ms, found 3 plugins.
Preloading 0 native plugins for Editor in 0.00 ms.
Unloading 2494 Unused Serialized files (Serialized files now loaded: 0)
System memory in use before: 114.9 MB.
System memory in use after: 115.2 MB.

Unloading 18 unused Assets to reduce memory usage. Loaded Objects now: 3005.
Total: 2.916500 ms (FindLiveObjects: 0.204600 ms CreateObjectMapping: 0.110500 ms MarkObjects: 2.584600 ms  DeleteObjects: 0.016100 ms)

AssetImportParameters requested are different than current active one (requested -> active):
  custom:framework-win-MediaFoundation: 216162199b28c13a410421893ffa2e32 -> 
  custom:video-decoder-ogg-theora: a1e56fd34408186e4bbccfd4996cb3dc -> 
  custom:container-muxer-webm: aa71ff27fc2769a1b78a27578f13a17b -> 
  custom:container-demuxer-webm: 4f35f7cbe854078d1ac9338744f61a02 -> 
  custom:container-demuxer-ogg: 62fdf1f143b41e24485cea50d1cbac27 -> 
  custom:video-encoder-webm-vp8: eb34c28f22e8b96e1ab97ce403110664 -> 
  custom:video-decoder-webm-vp8: 9c59270c3fd7afecdb556c50c9e8de78 -> 
  custom:audio-decoder-ogg-vorbis: bf7c407c2cedff20999df2af8eb42d56 -> 
  custom:audio-encoder-webm-vorbis: bf7c407c2cedff20999df2af8eb42d56 -> 
========================================================================
Received Prepare
Registering precompiled user dll's ...
Registered in 0.213403 seconds.
Begin MonoManager ReloadAssembly
Native extension for WindowsStandalone target not found
Refreshing native plugins compatible for Editor in 0.62 ms, found 3 plugins.
Preloading 0 native plugins for Editor in 0.00 ms.
Mono: successfully reloaded assembly
- Completed reload, in  0.974 seconds
Domain Reload Profiling:
	ReloadAssembly (975ms)
		BeginReloadAssembly (110ms)
			ExecutionOrderSort (0ms)
			DisableScriptedObjects (6ms)
			BackupInstance (0ms)
			ReleaseScriptingObjects (0ms)
			CreateAndSetChildDomain (33ms)
		EndReloadAssembly (808ms)
			LoadAssemblies (84ms)
			RebuildTransferFunctionScriptingTraits (0ms)
			SetupTypeCache (282ms)
			ReleaseScriptCaches (1ms)
			RebuildScriptCaches (43ms)
			SetupLoadedEditorAssemblies (299ms)
				LogAssemblyErrors (0ms)
				InitializePlatformSupportModulesInManaged (4ms)
				SetLoadedEditorAssemblies (0ms)
				RefreshPlugins (1ms)
				BeforeProcessingInitializeOnLoad (80ms)
				ProcessInitializeOnLoadAttributes (198ms)
				ProcessInitializeOnLoadMethodAttributes (10ms)
				AfterProcessingInitializeOnLoad (6ms)
				EditorAssembliesLoaded (0ms)
			ExecutionOrderSort2 (0ms)
			AwakeInstancesAfterBackupRestoration (9ms)
Platform modules already initialized, skipping
Refreshing native plugins compatible for Editor in 0.64 ms, found 3 plugins.
Preloading 0 native plugins for Editor in 0.00 ms.
Unloading 2494 Unused Serialized files (Serialized files now loaded: 0)
System memory in use before: 115.0 MB.
System memory in use after: 115.2 MB.

Unloading 18 unused Assets to reduce memory usage. Loaded Objects now: 3007.
Total: 3.545500 ms (FindLiveObjects: 0.208400 ms CreateObjectMapping: 0.118600 ms MarkObjects: 3.198500 ms  DeleteObjects: 0.018700 ms)

AssetImportParameters requested are different than current active one (requested -> active):
  custom:framework-win-MediaFoundation: 216162199b28c13a410421893ffa2e32 -> 
  custom:video-decoder-ogg-theora: a1e56fd34408186e4bbccfd4996cb3dc -> 
  custom:container-muxer-webm: aa71ff27fc2769a1b78a27578f13a17b -> 
  custom:container-demuxer-webm: 4f35f7cbe854078d1ac9338744f61a02 -> 
  custom:container-demuxer-ogg: 62fdf1f143b41e24485cea50d1cbac27 -> 
  custom:video-encoder-webm-vp8: eb34c28f22e8b96e1ab97ce403110664 -> 
  custom:video-decoder-webm-vp8: 9c59270c3fd7afecdb556c50c9e8de78 -> 
  custom:audio-decoder-ogg-vorbis: bf7c407c2cedff20999df2af8eb42d56 -> 
  custom:audio-encoder-webm-vorbis: bf7c407c2cedff20999df2af8eb42d56 -> 
